19:11:42.577 [background-preinit] INFO  o.h.validator.internal.util.Version - HV000001: Hibernate Validator 8.0.0.Final
19:11:42.598 [main] INFO  f.s.analytics.AnalyticsServiceApp - Starting AnalyticsServiceApp using Java 19.0.2 with PID 32916 (/Users/sultan/Documents/intellijeIDEA_workspace/FAANG_school/CorporationX/analytics_service/build/classes/java/main started by sultan in /Users/sultan/Documents/intellijeIDEA_workspace/FAANG_school/CorporationX/analytics_service)
19:11:42.599 [main] INFO  f.s.analytics.AnalyticsServiceApp - No active profile set, falling back to 1 default profile: "default"
19:11:42.914 [main] INFO  o.s.d.r.c.RepositoryConfigurationDelegate - Multiple Spring Data modules found, entering strict repository configuration mode
19:11:42.914 [main] INFO  o.s.d.r.c.RepositoryConfigurationDelegate - Bootstrapping Spring Data JDBC repositories in DEFAULT mode.
19:11:42.927 [main] INFO  o.s.d.r.c.RepositoryConfigurationExtensionSupport - Spring Data JDBC - Could not safely identify store assignment for repository candidate interface faang.school.analytics.repository.AnalyticsEventRepository; If you want this repository to be a JDBC repository, consider annotating your entities with one of these annotations: org.springframework.data.relational.core.mapping.Table.
19:11:42.927 [main] INFO  o.s.d.r.c.RepositoryConfigurationDelegate - Finished Spring Data repository scanning in 11 ms. Found 0 JDBC repository interfaces.
19:11:42.931 [main] INFO  o.s.d.r.c.RepositoryConfigurationDelegate - Multiple Spring Data modules found, entering strict repository configuration mode
19:11:42.932 [main] INFO  o.s.d.r.c.RepositoryConfigurationDelegate - Bootstrapping Spring Data JPA repositories in DEFAULT mode.
19:11:42.990 [main] INFO  o.s.d.r.c.RepositoryConfigurationDelegate - Finished Spring Data repository scanning in 57 ms. Found 1 JPA repository interfaces.
19:11:42.996 [main] INFO  o.s.d.r.c.RepositoryConfigurationDelegate - Multiple Spring Data modules found, entering strict repository configuration mode
19:11:42.996 [main] INFO  o.s.d.r.c.RepositoryConfigurationDelegate - Bootstrapping Spring Data Redis repositories in DEFAULT mode.
19:11:43.001 [main] INFO  o.s.d.r.c.RepositoryConfigurationExtensionSupport - Spring Data Redis - Could not safely identify store assignment for repository candidate interface faang.school.analytics.repository.AnalyticsEventRepository; If you want this repository to be a Redis repository, consider annotating your entities with one of these annotations: org.springframework.data.redis.core.RedisHash (preferred), or consider extending one of the following types with your repository: org.springframework.data.keyvalue.repository.KeyValueRepository
19:11:43.001 [main] INFO  o.s.d.r.c.RepositoryConfigurationDelegate - Finished Spring Data repository scanning in 2 ms. Found 0 Redis repository interfaces.
19:11:43.086 [main] INFO  o.s.cloud.context.scope.GenericScope - BeanFactory id=e7a53c8d-8790-3746-adb0-914d112dadc4
19:11:43.111 [main] INFO  o.s.c.s.PostProcessorRegistrationDelegate$BeanPostProcessorChecker - Bean 'faang.school.analytics.client.ProjectServiceClient' of type [org.springframework.cloud.openfeign.FeignClientFactoryBean] is not eligible for getting processed by all BeanPostProcessors (for example: not eligible for auto-proxying)
19:11:43.243 [main] INFO  o.s.b.w.e.tomcat.TomcatWebServer - Tomcat initialized with port(s): 8086 (http)
19:11:43.247 [main] INFO  o.a.coyote.http11.Http11NioProtocol - Initializing ProtocolHandler ["http-nio-8086"]
19:11:43.247 [main] INFO  o.a.catalina.core.StandardService - Starting service [Tomcat]
19:11:43.247 [main] INFO  o.a.catalina.core.StandardEngine - Starting Servlet engine: [Apache Tomcat/10.1.8]
19:11:43.298 [main] INFO  o.a.c.c.C.[Tomcat].[localhost].[/] - Initializing Spring embedded WebApplicationContext
19:11:43.298 [main] INFO  o.s.b.w.s.c.ServletWebServerApplicationContext - Root WebApplicationContext: initialization completed in 678 ms
19:11:43.348 [main] INFO  com.zaxxer.hikari.HikariDataSource - HikariPool-1 - Starting...
19:11:43.393 [main] INFO  com.zaxxer.hikari.pool.HikariPool - HikariPool-1 - Added connection org.postgresql.jdbc.PgConnection@20ffb8d5
19:11:43.394 [main] INFO  com.zaxxer.hikari.HikariDataSource - HikariPool-1 - Start completed.
19:11:43.449 [main] INFO  liquibase.database - Set default schema name to public
19:11:43.495 [main] INFO  liquibase.lockservice - Successfully acquired change log lock
19:11:43.542 [main] INFO  liquibase.changelog - Reading from public.databasechangelog
19:11:43.564 [main] INFO  liquibase.lockservice - Successfully released change log lock
19:11:43.595 [main] INFO  o.h.jpa.internal.util.LogHelper - HHH000204: Processing PersistenceUnitInfo [name: default]
19:11:43.612 [main] INFO  org.hibernate.Version - HHH000412: Hibernate ORM core version 6.1.7.Final
19:11:43.737 [main] INFO  SQL dialect - HHH000400: Using dialect: org.hibernate.dialect.PostgreSQLDialect
19:11:44.019 [main] INFO  o.h.e.t.j.p.i.JtaPlatformInitiator - HHH000490: Using JtaPlatform implementation: [org.hibernate.engine.transaction.jta.platform.internal.NoJtaPlatform]
19:11:44.022 [main] INFO  o.s.o.j.LocalContainerEntityManagerFactoryBean - Initialized JPA EntityManagerFactory for persistence unit 'default'
19:11:44.224 [main] WARN  o.s.b.a.o.j.JpaBaseConfiguration$JpaWebConfiguration - spring.jpa.open-in-view is enabled by default. Therefore, database queries may be performed during view rendering. Explicitly configure spring.jpa.open-in-view to disable this warning
19:11:44.448 [main] INFO  org.quartz.impl.StdSchedulerFactory - Using default implementation for ThreadExecutor
19:11:44.452 [main] INFO  o.quartz.core.SchedulerSignalerImpl - Initialized Scheduler Signaller of type: class org.quartz.core.SchedulerSignalerImpl
19:11:44.452 [main] INFO  org.quartz.core.QuartzScheduler - Quartz Scheduler v.2.3.0 created.
19:11:44.453 [main] INFO  org.quartz.simpl.RAMJobStore - RAMJobStore initialized.
19:11:44.453 [main] INFO  org.quartz.core.QuartzScheduler - Scheduler meta-data: Quartz Scheduler (v2.3.0) 'quartzScheduler' with instanceId 'NON_CLUSTERED'
  Scheduler class: 'org.quartz.core.QuartzScheduler' - running locally.
  NOT STARTED.
  Currently in standby mode.
  Number of jobs executed: 0
  Using thread pool 'org.quartz.simpl.SimpleThreadPool' - with 10 threads.
  Using job-store 'org.quartz.simpl.RAMJobStore' - which does not support persistence. and is not clustered.

19:11:44.453 [main] INFO  org.quartz.impl.StdSchedulerFactory - Quartz scheduler 'quartzScheduler' initialized from an externally provided properties instance.
19:11:44.453 [main] INFO  org.quartz.impl.StdSchedulerFactory - Quartz scheduler version: 2.3.0
19:11:44.453 [main] INFO  org.quartz.core.QuartzScheduler - JobFactory set to: org.springframework.scheduling.quartz.SpringBeanJobFactory@1455a374
19:11:44.490 [main] INFO  o.a.coyote.http11.Http11NioProtocol - Starting ProtocolHandler ["http-nio-8086"]
19:11:44.497 [main] INFO  o.s.b.w.e.tomcat.TomcatWebServer - Tomcat started on port(s): 8086 (http) with context path ''
19:11:44.526 [main] INFO  o.s.s.quartz.SchedulerFactoryBean - Starting Quartz Scheduler now
19:11:44.526 [main] INFO  org.quartz.core.QuartzScheduler - Scheduler quartzScheduler_$_NON_CLUSTERED started.
19:11:44.531 [main] INFO  f.s.analytics.AnalyticsServiceApp - Started AnalyticsServiceApp in 2.119 seconds (process running for 2.406)
